<?xml version="1.0" encoding="UTF-8"?>
<!-- Generated by org.testng.reporters.JUnitXMLReporter -->
<testsuite hostname="HOMEHP-PC" ignored="0" name="Default test" tests="2" failures="0" timestamp="2020-03-08T18:58:19 IST" time="40.307" errors="0">
  <testcase name="runScenario" time="23.457" classname="cucumber.api.testng.AbstractTestNGCucumberTests"/>
  <testcase name="runScenario" time="16.562" classname="cucumber.api.testng.AbstractTestNGCucumberTests"/>
</testsuite> <!-- Default test -->
